<?xml version="1.0" encoding="UTF-8"?>
<!-- Generated by org.testng.reporters.JUnitXMLReporter -->
<testsuite hostname="LAPTOP-VIVBKSLH" ignored="0" name="Test" tests="4" failures="0" timestamp="2020-04-17T21:55:07 EDT" time="60.856" errors="0">
  <testcase name="validate_nav" time="3.693" classname="E2ETestCase.validateNavigation"/>
  <testcase name="Base_Navigation" time="15.149" classname="E2ETestCase.HomePage"/>
  <testcase name="Base_Navigation" time="15.835" classname="E2ETestCase.HomePage"/>
  <testcase name="text_course" time="0.123" classname="E2ETestCase.ValidateText"/>
</testsuite> <!-- Test -->
