<?xml version="1.0" encoding="UTF-8"?>
<!-- Generated by org.testng.reporters.JUnitXMLReporter -->
<testsuite hostname="LAPTOP-VIVBKSLH" ignored="0" name="Validate Text Course" tests="2" failures="2" timestamp="2020-04-17T22:55:22 EDT" time="11.755" errors="0">
  <testcase name="text_course" time="0.046" classname="E2ETestCase.ValidateText">
    <failure type="java.lang.AssertionError" message="expected [FEATURED COSES] but found [FEATURED COURSES]">
      <![CDATA[java.lang.AssertionError: expected [FEATURED COSES] but found [FEATURED COURSES]
at E2ETestCase.ValidateText.text_course(ValidateText.java:29)
at java.util.ArrayList.forEach(Unknown Source)
... Removed 32 stack frames]]>
    </failure>
  </testcase> <!-- text_course -->
  <testcase name="text_course" time="0.05" classname="E2ETestCase.ValidateText">
    <failure type="java.lang.NullPointerException">
      <![CDATA[java.lang.NullPointerException
at Resources.driver_details.screenshot(driver_details.java:43)
at E2ETestCase.Listeners.onTestFailure(Listeners.java:28)
at java.util.ArrayList.forEach(Unknown Source)
... Removed 24 stack frames]]>
    </failure>
  </testcase> <!-- text_course -->
</testsuite> <!-- Validate Text Course -->
